Using pre-set license
Built from '6000.1/staging' branch; Version is '6000.1.4f1 (03270eb687c6) revision 206606'; Using compiler version '194234433'; Build Type 'Release'
OS: 'Windows 11  (10.0.22631) 64bit Professional' Language: 'hu' Physical Memory: 28524 MB
BatchMode: 1, IsHumanControllingUs: 0, StartBugReporterOnCrash: 0, Is64bit: 1, IsPro: 1
Date: 2025-08-08T16:58:31Z

COMMAND LINE ARGUMENTS:
C:\Program Files\Unity\Hub\Editor\6000.1.4f1\Editor\Unity.exe
-adb2
-batchMode
-noUpm
-name
AssetImportWorker0
-projectPath
F:/Projektek/UnityGame/DarkWoodPlatformer
-logFile
Logs/AssetImportWorker0.log
-srvPort
52993
-job-worker-count
5
-background-job-worker-count
8
-gc-helper-count
1
-name
AssetImport
Successfully changed project path to: F:/Projektek/UnityGame/DarkWoodPlatformer
F:/Projektek/UnityGame/DarkWoodPlatformer
[UnityMemory] Configuration Parameters - Can be set up in boot.config
    "memorysetup-allocator-temp-initial-block-size-main=262144"
    "memorysetup-allocator-temp-initial-block-size-worker=262144"
    "memorysetup-bucket-allocator-granularity=16"
    "memorysetup-bucket-allocator-bucket-count=8"
    "memorysetup-bucket-allocator-block-size=33554432"
    "memorysetup-bucket-allocator-block-count=8"
    "memorysetup-main-allocator-block-size=16777216"
    "memorysetup-thread-allocator-block-size=16777216"
    "memorysetup-gfx-main-allocator-block-size=16777216"
    "memorysetup-gfx-thread-allocator-block-size=16777216"
    "memorysetup-cache-allocator-block-size=4194304"
    "memorysetup-typetree-allocator-block-size=2097152"
    "memorysetup-profiler-bucket-allocator-granularity=16"
    "memorysetup-profiler-bucket-allocator-bucket-count=8"
    "memorysetup-profiler-bucket-allocator-block-size=33554432"
    "memorysetup-profiler-bucket-allocator-block-count=8"
    "memorysetup-profiler-allocator-block-size=16777216"
    "memorysetup-profiler-editor-allocator-block-size=1048576"
    "memorysetup-temp-allocator-size-main=16777216"
    "memorysetup-job-temp-allocator-block-size=2097152"
    "memorysetup-job-temp-allocator-block-size-background=1048576"
    "memorysetup-job-temp-allocator-reduction-small-platforms=262144"
    "memorysetup-temp-allocator-size-background-worker=32768"
    "memorysetup-temp-allocator-size-job-worker=262144"
    "memorysetup-temp-allocator-size-preload-manager=33554432"
    "memorysetup-temp-allocator-size-nav-mesh-worker=65536"
    "memorysetup-temp-allocator-size-audio-worker=65536"
    "memorysetup-temp-allocator-size-cloud-worker=32768"
    "memorysetup-temp-allocator-size-gi-baking-worker=262144"
    "memorysetup-temp-allocator-size-gi-baking-worker=262144"
    "memorysetup-temp-allocator-size-gi-baking-worker=262144"
    "memorysetup-temp-allocator-size-gi-baking-worker=262144"
    "memorysetup-temp-allocator-size-gi-baking-worker=262144"
    "memorysetup-temp-allocator-size-gfx=262144"
Player connection [16780]  Target information:

Player connection [16780]  * "[IP] 192.168.0.18 [Port] 0 [Flags] 2 [Guid] 648627508 [EditorId] 648627508 [Version] 1048832 [Id] WindowsEditor(7,DESKTOP-26EK9UP) [Debug] 1 [PackageName] WindowsEditor [ProjectName] Editor" 

Player connection [16780] Host joined multi-casting on [225.0.0.222:54997]...
Player connection [16780] Host joined alternative multi-casting on [225.0.0.222:34997]...
JobSystem: Creating JobQueue using job-worker-count value 5
Input System module state changed to: Initialized.
[Physics::Module] Initialized fallback backend.
[Physics::Module] Id: 0xdecafbad
Library Redirect Path: Library/
[Physics::Module] Selected backend.
[Physics::Module] Name: PhysX
[Physics::Module] Id: 0xf2b8ea05
[Physics::Module] SDK Version: 4.1.2
[Physics::Module] Integration Version: 1.0.0
[Physics::Module] Threading Mode: Multi-Threaded
Refreshing native plugins compatible for Editor in 2.99 ms, found 4 plugins.
Preloading 0 native plugins for Editor in 0.00 ms.
Initialize engine version: 6000.1.4f1 (03270eb687c6)
[Subsystems] Discovering subsystems at path C:/Program Files/Unity/Hub/Editor/6000.1.4f1/Editor/Data/Resources/UnitySubsystems
[Subsystems] Discovering subsystems at path F:/Projektek/UnityGame/DarkWoodPlatformer/Assets
GfxDevice: creating device client; kGfxThreadingModeNonThreaded
Direct3D:
    Version:         Direct3D 12 [level 12.1]
    Renderer:        NVIDIA GeForce RTX 3050 Laptop GPU (ID=0x25a2)
    Vendor:          NVIDIA
    VRAM:            3965 MB
    App VRAM Budget: 3370 MB
    Driver:          32.0.15.8088
Initialize mono
Mono path[0] = 'C:/Program Files/Unity/Hub/Editor/6000.1.4f1/Editor/Data/Managed'
Mono path[1] = 'C:/Program Files/Unity/Hub/Editor/6000.1.4f1/Editor/Data/MonoBleedingEdge/lib/mono/unityjit-win32'
Mono config path = 'C:/Program Files/Unity/Hub/Editor/6000.1.4f1/Editor/Data/MonoBleedingEdge/etc'
Using monoOptions --debugger-agent=transport=dt_socket,embedding=1,server=y,suspend=n,address=127.0.0.1:56812
Begin MonoManager ReloadAssembly
Registering precompiled unity dll's ...
Register platform support module: C:/Program Files/Unity/Hub/Editor/6000.1.4f1/Editor/Data/PlaybackEngines/WebGLSupport/UnityEditor.WebGL.Extensions.dll
Register platform support module: C:/Program Files/Unity/Hub/Editor/6000.1.4f1/Editor/Data/PlaybackEngines/WindowsStandaloneSupport/UnityEditor.WindowsStandalone.Extensions.dll
Registered in 0.001662 seconds.
- Loaded All Assemblies, in  0.382 seconds
Native extension for WindowsStandalone target not found
Native extension for WebGL target not found
Mono: successfully reloaded assembly
- Finished resetting the current domain, in  0.380 seconds
Domain Reload Profiling: 761ms
	BeginReloadAssembly (130ms)
		ExecutionOrderSort (0ms)
		DisableScriptedObjects (0ms)
		BackupInstance (0ms)
		ReleaseScriptingObjects (0ms)
		CreateAndSetChildDomain (1ms)
	RebuildCommonClasses (35ms)
	RebuildNativeTypeToScriptingClass (11ms)
	initialDomainReloadingComplete (47ms)
	LoadAllAssembliesAndSetupDomain (157ms)
		LoadAssemblies (128ms)
		RebuildTransferFunctionScriptingTraits (0ms)
		AnalyzeDomain (154ms)
			TypeCache.Refresh (153ms)
				TypeCache.ScanAssembly (141ms)
			BuildScriptInfoCaches (0ms)
			ResolveRequiredComponents (0ms)
	FinalizeReload (380ms)
		ReleaseScriptCaches (0ms)
		RebuildScriptCaches (0ms)
		SetupLoadedEditorAssemblies (326ms)
			LogAssemblyErrors (0ms)
			InitializePlatformSupportModulesInManaged (58ms)
			SetLoadedEditorAssemblies (4ms)
			BeforeProcessingInitializeOnLoad (65ms)
			ProcessInitializeOnLoadAttributes (140ms)
			ProcessInitializeOnLoadMethodAttributes (60ms)
			AfterProcessingInitializeOnLoad (0ms)
			EditorAssembliesLoaded (0ms)
		ExecutionOrderSort2 (0ms)
		AwakeInstancesAfterBackupRestoration (0ms)
Assembly reference Packages/com.unity.cinemachine/Editor/Samples/ExposeHDRPInternals/HDRP-Editor-ref.asmref has no target assembly definition
========================================================================
Worker process is ready to serve import requests
Import Worker Mode flag is 0x00
Assembly reference Packages/com.unity.cinemachine/Editor/Samples/ExposeHDRPInternals/HDRP-Editor-ref.asmref has no target assembly definition
Assembly reference Packages/com.unity.cinemachine/Editor/Samples/ExposeHDRPInternals/HDRP-Editor-ref.asmref has no target assembly definition
Begin MonoManager ReloadAssembly
- Loaded All Assemblies, in  0.820 seconds
Assembly reference Packages/com.unity.cinemachine/Editor/Samples/ExposeHDRPInternals/HDRP-Editor-ref.asmref has no target assembly definition
'Packages/com.unity.cinemachine/Editor/Obsolete/CinemachineVirtualCameraBaseEditor.cs' contains partial class of Unity.Object, exactly 1 of the partial classes needs to be in a file with the same filename. This is to know the one that can be referenced from ie. GameObjects
'Packages/com.unity.cinemachine/Editor/Editors/CinemachineVirtualCameraBaseEditor.cs' contains partial class of Unity.Object, exactly 1 of the partial classes needs to be in a file with the same filename. This is to know the one that can be referenced from ie. GameObjects
Refreshing native plugins compatible for Editor in 1.64 ms, found 4 plugins.
Native extension for WindowsStandalone target not found
Native extension for WebGL target not found
Assembly reference Packages/com.unity.cinemachine/Editor/Samples/ExposeHDRPInternals/HDRP-Editor-ref.asmref has no target assembly definition
Package Manager log level set to [2]
[Package Manager] Failed to launch server process. Reason: Unity was launched with the -noUpm command-line argument
[Package Manager] Unable to send message (not connected to server process).
[Package Manager] Cannot connect to Unity Package Manager local server
Mono: successfully reloaded assembly
- Finished resetting the current domain, in  0.884 seconds
Domain Reload Profiling: 1701ms
	BeginReloadAssembly (179ms)
		ExecutionOrderSort (0ms)
		DisableScriptedObjects (8ms)
		BackupInstance (0ms)
		ReleaseScriptingObjects (0ms)
		CreateAndSetChildDomain (36ms)
	RebuildCommonClasses (43ms)
	RebuildNativeTypeToScriptingClass (13ms)
	initialDomainReloadingComplete (40ms)
	LoadAllAssembliesAndSetupDomain (542ms)
		LoadAssemblies (359ms)
		RebuildTransferFunctionScriptingTraits (0ms)
		AnalyzeDomain (279ms)
			TypeCache.Refresh (206ms)
				TypeCache.ScanAssembly (190ms)
			BuildScriptInfoCaches (58ms)
			ResolveRequiredComponents (13ms)
	FinalizeReload (884ms)
		ReleaseScriptCaches (0ms)
		RebuildScriptCaches (0ms)
		SetupLoadedEditorAssemblies (717ms)
			LogAssemblyErrors (0ms)
			InitializePlatformSupportModulesInManaged (2ms)
			SetLoadedEditorAssemblies (7ms)
			BeforeProcessingInitializeOnLoad (147ms)
			ProcessInitializeOnLoadAttributes (436ms)
			ProcessInitializeOnLoadMethodAttributes (121ms)
			AfterProcessingInitializeOnLoad (4ms)
			EditorAssembliesLoaded (0ms)
		ExecutionOrderSort2 (0ms)
		AwakeInstancesAfterBackupRestoration (7ms)
Launched and connected shader compiler UnityShaderCompiler.exe after 0.01 seconds
Refreshing native plugins compatible for Editor in 1.91 ms, found 4 plugins.
Preloading 0 native plugins for Editor in 0.00 ms.
Unloading 233 Unused Serialized files (Serialized files now loaded: 0)
Unloading 7011 unused Assets / (5.1 MB). Loaded Objects now: 7743.
Memory consumption went from 181.0 MB to 175.9 MB.
Total: 10.601300 ms (FindLiveObjects: 0.747200 ms CreateObjectMapping: 1.062500 ms MarkObjects: 5.717200 ms  DeleteObjects: 3.072200 ms)

========================================================================
Received Import Request.
  Time since last request: 2166111.322886 seconds.
  path: Assets/Art/Health Bar Asset Pack 2 by Adwit Rahman
  artifactKey: Guid(5162feb0114f23d43993173b21ab14a6) Importer(815301076,1909f56bfc062723c751e8b465ee728b)
Start importing Assets/Art/Health Bar Asset Pack 2 by Adwit Rahman using Guid(5162feb0114f23d43993173b21ab14a6) Importer(815301076,1909f56bfc062723c751e8b465ee728b) (PreviewImporter) -> (artifact id: '825fc4fa867fb38cb103341fc72851bd') in 0.0069299 seconds
Number of updated asset objects reloaded before import = 0Number of asset objects unloaded after import = 0

========================================================================
Received Import Request.
  Time since last request: 0.000016 seconds.
  path: Assets/Art/Health Bar Asset Pack 2 by Adwit Rahman/Health Bar Asset Pack 2 by Adwit Rahman/Health Bar Asset Pack 2 by Adwit Rahman
  artifactKey: Guid(2ec07477ee4f9714cbae6686fa854ecd) Importer(815301076,1909f56bfc062723c751e8b465ee728b)
Start importing Assets/Art/Health Bar Asset Pack 2 by Adwit Rahman/Health Bar Asset Pack 2 by Adwit Rahman/Health Bar Asset Pack 2 by Adwit Rahman using Guid(2ec07477ee4f9714cbae6686fa854ecd) Importer(815301076,1909f56bfc062723c751e8b465ee728b) (PreviewImporter) -> (artifact id: '194b8b653a2eccec3f1986c849642aec') in 0.0004445 seconds
Number of updated asset objects reloaded before import = 0Number of asset objects unloaded after import = 0

========================================================================
Received Import Request.
  Time since last request: 2.118638 seconds.
  path: Assets/Art/Health Bar Asset Pack 2 by Adwit Rahman/Health Bar Asset Pack 2 by Adwit Rahman/Health Bar Asset Pack 2 by Adwit Rahman/rpg (1).png
  artifactKey: Guid(29b3fbbbc7dd1f445b8056d5a1a4c6f8) Importer(815301076,1909f56bfc062723c751e8b465ee728b)
Start importing Assets/Art/Health Bar Asset Pack 2 by Adwit Rahman/Health Bar Asset Pack 2 by Adwit Rahman/Health Bar Asset Pack 2 by Adwit Rahman/rpg (1).png using Guid(29b3fbbbc7dd1f445b8056d5a1a4c6f8) Importer(815301076,1909f56bfc062723c751e8b465ee728b) (PreviewImporter) -> (artifact id: 'b3bdb69deddacc760f8ba1e43e52d629') in 0.0954049 seconds
Number of updated asset objects reloaded before import = 0Number of asset objects unloaded after import = 3

========================================================================
Received Import Request.
  Time since last request: 10.686043 seconds.
  path: Assets/Art/Health Bar Asset Pack 2 by Adwit Rahman/Health Bar Asset Pack 2 by Adwit Rahman/Health Bar Asset Pack 2 by Adwit Rahman/HealthBar DARK.png
  artifactKey: Guid(1a39b3d4d92d070448ef61631f313268) Importer(815301076,1909f56bfc062723c751e8b465ee728b)
Start importing Assets/Art/Health Bar Asset Pack 2 by Adwit Rahman/Health Bar Asset Pack 2 by Adwit Rahman/Health Bar Asset Pack 2 by Adwit Rahman/HealthBar DARK.png using Guid(1a39b3d4d92d070448ef61631f313268) Importer(815301076,1909f56bfc062723c751e8b465ee728b) (PreviewImporter) -> (artifact id: 'e9db9c5eb14ce03abed7cbb9a1a1bd3a') in 0.0344566 seconds
Number of updated asset objects reloaded before import = 0Number of asset objects unloaded after import = 3

========================================================================
Received Import Request.
  Time since last request: 50.585977 seconds.
  path: Assets/Art/Health Bar Asset Pack 2 by Adwit Rahman/Health Bar Asset Pack 2 by Adwit Rahman/Health Bar Asset Pack 2 by Adwit Rahman/HealthBar DARK.png
  artifactKey: Guid(1a39b3d4d92d070448ef61631f313268) Importer(815301076,1909f56bfc062723c751e8b465ee728b)
Start importing Assets/Art/Health Bar Asset Pack 2 by Adwit Rahman/Health Bar Asset Pack 2 by Adwit Rahman/Health Bar Asset Pack 2 by Adwit Rahman/HealthBar DARK.png using Guid(1a39b3d4d92d070448ef61631f313268) Importer(815301076,1909f56bfc062723c751e8b465ee728b) (PreviewImporter) -> (artifact id: '499f603159bbea5697d366ebcee9f3f8') in 0.0145813 seconds
Number of updated asset objects reloaded before import = 0Number of asset objects unloaded after import = 2

========================================================================
Received Import Request.
  Time since last request: 121.854593 seconds.
  path: Assets/Art/Health Bar Asset Pack 2 by Adwit Rahman/Health Bar Asset Pack 2 by Adwit Rahman/Health Bar Asset Pack 2 by Adwit Rahman/redblue (1).png
  artifactKey: Guid(a06c2660b5de26d40b4bba24144dec69) Importer(815301076,1909f56bfc062723c751e8b465ee728b)
Start importing Assets/Art/Health Bar Asset Pack 2 by Adwit Rahman/Health Bar Asset Pack 2 by Adwit Rahman/Health Bar Asset Pack 2 by Adwit Rahman/redblue (1).png using Guid(a06c2660b5de26d40b4bba24144dec69) Importer(815301076,1909f56bfc062723c751e8b465ee728b) (PreviewImporter) -> (artifact id: 'ff255a7c7022fb5107425b44731791d0') in 0.0365805 seconds
Number of updated asset objects reloaded before import = 0Number of asset objects unloaded after import = 3

========================================================================
Received Import Request.
  Time since last request: 178.966759 seconds.
  path: Assets/Art/Health Bar Asset Pack 2 by Adwit Rahman/Health Bar Asset Pack 2 by Adwit Rahman/Health Bar Asset Pack 2 by Adwit Rahman/healthbar.aseprite
  artifactKey: Guid(3f2067e505fcc8048853df46aa8018c6) Importer(815301076,1909f56bfc062723c751e8b465ee728b)
Start importing Assets/Art/Health Bar Asset Pack 2 by Adwit Rahman/Health Bar Asset Pack 2 by Adwit Rahman/Health Bar Asset Pack 2 by Adwit Rahman/healthbar.aseprite using Guid(3f2067e505fcc8048853df46aa8018c6) Importer(815301076,1909f56bfc062723c751e8b465ee728b) (PreviewImporter) -> (artifact id: 'f26e73e329187c0aa7310be3ebf00064') in 0.4388247 seconds
Number of updated asset objects reloaded before import = 0Number of asset objects unloaded after import = 7

========================================================================
Received Import Request.
  Time since last request: 23.538493 seconds.
  path: Assets/Art/Health Bar Asset Pack 2 by Adwit Rahman/Health Bar Asset Pack 2 by Adwit Rahman/Health Bar Asset Pack 2 by Adwit Rahman/healthbar.png
  artifactKey: Guid(01d35a15d83d7a04487a20e651af3769) Importer(815301076,1909f56bfc062723c751e8b465ee728b)
Start importing Assets/Art/Health Bar Asset Pack 2 by Adwit Rahman/Health Bar Asset Pack 2 by Adwit Rahman/Health Bar Asset Pack 2 by Adwit Rahman/healthbar.png using Guid(01d35a15d83d7a04487a20e651af3769) Importer(815301076,1909f56bfc062723c751e8b465ee728b) (PreviewImporter) -> (artifact id: '22e37b5d632d896bb570d7d0341ea9e5') in 0.032038 seconds
Number of updated asset objects reloaded before import = 0Number of asset objects unloaded after import = 3

========================================================================
Received Import Request.
  Time since last request: 6.972005 seconds.
  path: Assets/Art/Health Bar Asset Pack 2 by Adwit Rahman/Health Bar Asset Pack 2 by Adwit Rahman/Health Bar Asset Pack 2 by Adwit Rahman/healthbar.png
  artifactKey: Guid(01d35a15d83d7a04487a20e651af3769) Importer(815301076,1909f56bfc062723c751e8b465ee728b)
Start importing Assets/Art/Health Bar Asset Pack 2 by Adwit Rahman/Health Bar Asset Pack 2 by Adwit Rahman/Health Bar Asset Pack 2 by Adwit Rahman/healthbar.png using Guid(01d35a15d83d7a04487a20e651af3769) Importer(815301076,1909f56bfc062723c751e8b465ee728b) (PreviewImporter) -> (artifact id: '900b62db156556418442899f26f1ba88') in 0.0144485 seconds
Number of updated asset objects reloaded before import = 0Number of asset objects unloaded after import = 2

========================================================================
Received Import Request.
  Time since last request: 81.589287 seconds.
  path: Assets/Art/Health Bar Asset Pack 2 by Adwit Rahman/Health Bar Asset Pack 2 by Adwit Rahman/Health Bar Asset Pack 2 by Adwit Rahman/healthbar.png
  artifactKey: Guid(01d35a15d83d7a04487a20e651af3769) Importer(815301076,1909f56bfc062723c751e8b465ee728b)
Start importing Assets/Art/Health Bar Asset Pack 2 by Adwit Rahman/Health Bar Asset Pack 2 by Adwit Rahman/Health Bar Asset Pack 2 by Adwit Rahman/healthbar.png using Guid(01d35a15d83d7a04487a20e651af3769) Importer(815301076,1909f56bfc062723c751e8b465ee728b) (PreviewImporter) -> (artifact id: '616ce5dea40de44588299bc364ed709b') in 0.02578 seconds
Number of updated asset objects reloaded before import = 0Number of asset objects unloaded after import = 2

========================================================================
Received Import Request.
  Time since last request: 41.211208 seconds.
  path: Assets/Art/Health Bar Asset Pack 2 by Adwit Rahman/Health Bar Asset Pack 2 by Adwit Rahman/Health Bar Asset Pack 2 by Adwit Rahman/healthbar.png
  artifactKey: Guid(01d35a15d83d7a04487a20e651af3769) Importer(815301076,1909f56bfc062723c751e8b465ee728b)
Start importing Assets/Art/Health Bar Asset Pack 2 by Adwit Rahman/Health Bar Asset Pack 2 by Adwit Rahman/Health Bar Asset Pack 2 by Adwit Rahman/healthbar.png using Guid(01d35a15d83d7a04487a20e651af3769) Importer(815301076,1909f56bfc062723c751e8b465ee728b) (PreviewImporter) -> (artifact id: '294420350e6eca311d2b1d052e338b3a') in 0.0436971 seconds
Number of updated asset objects reloaded before import = 0Number of asset objects unloaded after import = 4

========================================================================
Received Import Request.
  Time since last request: 514.694028 seconds.
  path: Assets/Art/Health Bar Asset Pack 2 by Adwit Rahman/Health Bar Asset Pack 2 by Adwit Rahman/Health Bar Asset Pack 2 by Adwit Rahman/healtbar-decor.png
  artifactKey: Guid(6f8c5ff8530cf9f49bc74b1e29dafc69) Importer(815301076,1909f56bfc062723c751e8b465ee728b)
Start importing Assets/Art/Health Bar Asset Pack 2 by Adwit Rahman/Health Bar Asset Pack 2 by Adwit Rahman/Health Bar Asset Pack 2 by Adwit Rahman/healtbar-decor.png using Guid(6f8c5ff8530cf9f49bc74b1e29dafc69) Importer(815301076,1909f56bfc062723c751e8b465ee728b) (PreviewImporter) -> (artifact id: '6d7ac143d3f1baf00f28d4bc09287288') in 0.0305518 seconds
Number of updated asset objects reloaded before import = 0Number of asset objects unloaded after import = 3

